Determining if the function pow exists failed with the following output:
Change Dir: /home/liangjiaqi/CLionProjects/learn_cmake/demo6/CMakeFiles/CMakeTmp

Run Build Command(s):/usr/bin/make cmTC_a178b/fast && /usr/bin/make -f CMakeFiles/cmTC_a178b.dir/build.make CMakeFiles/cmTC_a178b.dir/build
make[1]: Entering directory '/home/liangjiaqi/CLionProjects/learn_cmake/demo6/CMakeFiles/CMakeTmp'
Building C object CMakeFiles/cmTC_a178b.dir/CheckFunctionExists.c.o
/usr/bin/cc   -DCHECK_FUNCTION_EXISTS=pow   -o CMakeFiles/cmTC_a178b.dir/CheckFunctionExists.c.o   -c /home/liangjiaqi/Downloads/CLion-2019.3.4/clion-2019.3.4/bin/cmake/linux/share/cmake-3.15/Modules/CheckFunctionExists.c
<command-line>:0:23: warning: conflicting types for built-in function ‘pow’ [-Wbuiltin-declaration-mismatch]
/home/liangjiaqi/Downloads/CLion-2019.3.4/clion-2019.3.4/bin/cmake/linux/share/cmake-3.15/Modules/CheckFunctionExists.c:7:3: note: in expansion of macro ‘CHECK_FUNCTION_EXISTS’
   CHECK_FUNCTION_EXISTS(void);
   ^~~~~~~~~~~~~~~~~~~~~
Linking C executable cmTC_a178b
/home/liangjiaqi/Downloads/CLion-2019.3.4/clion-2019.3.4/bin/cmake/linux/bin/cmake -E cmake_link_script CMakeFiles/cmTC_a178b.dir/link.txt --verbose=1
/usr/bin/cc  -DCHECK_FUNCTION_EXISTS=pow    CMakeFiles/cmTC_a178b.dir/CheckFunctionExists.c.o  -o cmTC_a178b 
CMakeFiles/cmTC_a178b.dir/CheckFunctionExists.c.o: In function `main':
CheckFunctionExists.c:(.text+0x10): undefined reference to `pow'
collect2: error: ld returned 1 exit status
CMakeFiles/cmTC_a178b.dir/build.make:86: recipe for target 'cmTC_a178b' failed
make[1]: *** [cmTC_a178b] Error 1
make[1]: Leaving directory '/home/liangjiaqi/CLionProjects/learn_cmake/demo6/CMakeFiles/CMakeTmp'
Makefile:121: recipe for target 'cmTC_a178b/fast' failed
make: *** [cmTC_a178b/fast] Error 2



